<?xml version="1.0" encoding="UTF-8"?>
<testsuite xmlns:xsi="http://www.w3.org/2001/XMLSchema-instance" xsi:noNamespaceSchemaLocation="https://maven.apache.org/surefire/maven-surefire-plugin/xsd/surefire-test-report-3.0.xsd" version="3.0" name="it.jacopo.www.generator.GeneratoreDiMetaClassTest" time="0.112" tests="3" errors="0" skipped="0" failures="0">
  <properties>
[...]
</properties>
  <testcase name="testRiconosceManyToOneAncheSeAssociazioneEDefinitaNellAltraClasse" classname="it.jacopo.www.generator.GeneratoreDiMetaClassTest" time="0.096"/>
  <testcase name="testLeggeCascadeDaiTagXmiDellaRelazione" classname="it.jacopo.www.generator.GeneratoreDiMetaClassTest" time="0.006"/>
  <testcase name="testNormalizzaDataTypeStarUmlMaiuscoliEListaComeCollezione" classname="it.jacopo.www.generator.GeneratoreDiMetaClassTest" time="0.006"/>
</testsuite>